This is pdfTeX, Version 3.14159265-2.6-1.40.21 (MiKTeX 2.9.7380 64-bit) (preloaded format=pdflatex 2020.5.24)  14 JUN 2022 15:09
entering extended mode
**./franceschetti_lorenzo_2000263.tex
(franceschetti_lorenzo_2000263.tex
LaTeX2e <2020-02-02> patch level 5
L3 programming layer <2020-03-06>
("C:\Users\Lorenzo\AppData\Local\Programs\MiKTeX 2.9\tex/latex/base\article.cls
"
Document Class: article 2019/12/20 v1.4l Standard LaTeX document class
("C:\Users\Lorenzo\AppData\Local\Programs\MiKTeX 2.9\tex/latex/base\size12.clo"
File: size12.clo 2019/12/20 v1.4l Standard LaTeX file (size option)
)
\c@part=\count167
\c@section=\count168
\c@subsection=\count169
\c@subsubsection=\count170
\c@paragraph=\count171
\c@subparagraph=\count172
\c@figure=\count173
\c@table=\count174
\abovecaptionskip=\skip47
\belowcaptionskip=\skip48
\bibindent=\dimen134
)
("C:\Users\Lorenzo\AppData\Local\Programs\MiKTeX 2.9\tex/latex/geometry\geometr
y.sty"
Package: geometry 2020/01/02 v5.9 Page Geometry

("C:\Users\Lorenzo\AppData\Local\Programs\MiKTeX 2.9\tex/latex/graphics\keyval.
sty"
Package: keyval 2014/10/28 v1.15 key=value parser (DPC)
\KV@toks@=\toks15
)
("C:\Users\Lorenzo\AppData\Local\Programs\MiKTeX 2.9\tex/generic/iftex\ifvtex.s
ty"
Package: ifvtex 2019/10/25 v1.7 ifvtex legacy package. Use iftex instead.

("C:\Users\Lorenzo\AppData\Local\Programs\MiKTeX 2.9\tex/generic/iftex\iftex.st
y"
Package: iftex 2020/03/06 v1.0d TeX engine tests
))
\Gm@cnth=\count175
\Gm@cntv=\count176
\c@Gm@tempcnt=\count177
\Gm@bindingoffset=\dimen135
\Gm@wd@mp=\dimen136
\Gm@odd@mp=\dimen137
\Gm@even@mp=\dimen138
\Gm@layoutwidth=\dimen139
\Gm@layoutheight=\dimen140
\Gm@layouthoffset=\dimen141
\Gm@layoutvoffset=\dimen142
\Gm@dimlist=\toks16

("C:\Users\Lorenzo\AppData\Local\Programs\MiKTeX 2.9\tex/latex/geometry\geometr
y.cfg"))
("C:\Users\Lorenzo\AppData\Local\Programs\MiKTeX 2.9\tex/latex/graphics\graphic
x.sty"
Package: graphicx 2019/11/30 v1.2a Enhanced LaTeX Graphics (DPC,SPQR)

("C:\Users\Lorenzo\AppData\Local\Programs\MiKTeX 2.9\tex/latex/graphics\graphic
s.sty"
Package: graphics 2019/11/30 v1.4a Standard LaTeX Graphics (DPC,SPQR)

("C:\Users\Lorenzo\AppData\Local\Programs\MiKTeX 2.9\tex/latex/graphics\trig.st
y"
Package: trig 2016/01/03 v1.10 sin cos tan (DPC)
)
("C:\Users\Lorenzo\AppData\Local\Programs\MiKTeX 2.9\tex/latex/graphics-cfg\gra
phics.cfg"
File: graphics.cfg 2016/06/04 v1.11 sample graphics configuration
)
Package graphics Info: Driver file: pdftex.def on input line 105.

("C:\Users\Lorenzo\AppData\Local\Programs\MiKTeX 2.9\tex/latex/graphics-def\pdf
tex.def"
File: pdftex.def 2018/01/08 v1.0l Graphics/color driver for pdftex
))
\Gin@req@height=\dimen143
\Gin@req@width=\dimen144
)
("C:\Users\Lorenzo\AppData\Local\Programs\MiKTeX 2.9\tex/latex/float\float.sty"
Package: float 2001/11/08 v1.3d Float enhancements (AL)
\c@float@type=\count178
\float@exts=\toks17
\float@box=\box45
\@float@everytoks=\toks18
\@floatcapt=\box46
)
("C:\Users\Lorenzo\AppData\Local\Programs\MiKTeX 2.9\tex/latex/l3backend\l3back
end-pdfmode.def"
File: l3backend-pdfmode.def 2020-03-12 L3 backend support: PDF mode
\l__kernel_color_stack_int=\count179
\l__pdf_internal_box=\box47
) (franceschetti_lorenzo_2000263.aux)
\openout1 = `franceschetti_lorenzo_2000263.aux'.

LaTeX Font Info:    Checking defaults for OML/cmm/m/it on input line 10.
LaTeX Font Info:    ... okay on input line 10.
LaTeX Font Info:    Checking defaults for OMS/cmsy/m/n on input line 10.
LaTeX Font Info:    ... okay on input line 10.
LaTeX Font Info:    Checking defaults for OT1/cmr/m/n on input line 10.
LaTeX Font Info:    ... okay on input line 10.
LaTeX Font Info:    Checking defaults for T1/cmr/m/n on input line 10.
LaTeX Font Info:    ... okay on input line 10.
LaTeX Font Info:    Checking defaults for TS1/cmr/m/n on input line 10.
LaTeX Font Info:    ... okay on input line 10.
LaTeX Font Info:    Checking defaults for OMX/cmex/m/n on input line 10.
LaTeX Font Info:    ... okay on input line 10.
LaTeX Font Info:    Checking defaults for U/cmr/m/n on input line 10.
LaTeX Font Info:    ... okay on input line 10.

*geometry* driver: auto-detecting
*geometry* detected driver: pdftex
*geometry* verbose mode - [ preamble ] result:
* driver: pdftex
* paper: <default>
* layout: <same size as paper>
* layoutoffset:(h,v)=(0.0pt,0.0pt)
* modes: 
* h-part:(L,W,R)=(56.9055pt, 500.484pt, 56.9055pt)
* v-part:(T,H,B)=(56.9055pt, 681.15898pt, 56.9055pt)
* \paperwidth=614.295pt
* \paperheight=794.96999pt
* \textwidth=500.484pt
* \textheight=681.15898pt
* \oddsidemargin=-15.36449pt
* \evensidemargin=-15.36449pt
* \topmargin=-52.36449pt
* \headheight=12.0pt
* \headsep=25.0pt
* \topskip=12.0pt
* \footskip=30.0pt
* \marginparwidth=44.0pt
* \marginparsep=10.0pt
* \columnsep=10.0pt
* \skip\footins=10.8pt plus 4.0pt minus 2.0pt
* \hoffset=0.0pt
* \voffset=0.0pt
* \mag=1000
* \@twocolumnfalse
* \@twosidefalse
* \@mparswitchfalse
* \@reversemarginfalse
* (1in=72.27pt=25.4mm, 1cm=28.453pt)


("C:\Users\Lorenzo\AppData\Local\Programs\MiKTeX 2.9\tex/context/base/mkii\supp
-pdf.mkii"
[Loading MPS to PDF converter (version 2006.09.02).]
\scratchcounter=\count180
\scratchdimen=\dimen145
\scratchbox=\box48
\nofMPsegments=\count181
\nofMParguments=\count182
\everyMPshowfont=\toks19
\MPscratchCnt=\count183
\MPscratchDim=\dimen146
\MPnumerator=\count184
\makeMPintoPDFobject=\count185
\everyMPtoPDFconversion=\toks20
)
("C:\Users\Lorenzo\AppData\Local\Programs\MiKTeX 2.9\tex/latex/epstopdf-pkg\eps
topdf-base.sty"
Package: epstopdf-base 2020-01-24 v2.11 Base part for package epstopdf
Package epstopdf-base Info: Redefining graphics rule for `.eps' on input line 4
85.
)
LaTeX Font Info:    External font `cmex10' loaded for size
(Font)              <14.4> on input line 12.
LaTeX Font Info:    External font `cmex10' loaded for size
(Font)              <7> on input line 12.
LaTeX Font Info:    External font `cmex10' loaded for size
(Font)              <12> on input line 16.
LaTeX Font Info:    External font `cmex10' loaded for size
(Font)              <8> on input line 16.
LaTeX Font Info:    External font `cmex10' loaded for size
(Font)              <6> on input line 16.
<./images/x_t.png, id=1, 474.27188pt x 427.5975pt>
File: ./images/x_t.png Graphic file (type png)
<use ./images/x_t.png>
Package pdftex.def Info: ./images/x_t.png  used on input line 39.
(pdftex.def)             Requested size: 225.21626pt x 203.0522pt.
<./images/fft_x_t.png, id=3, 472.01344pt x 427.5975pt>
File: ./images/fft_x_t.png Graphic file (type png)
<use ./images/fft_x_t.png>
Package pdftex.def Info: ./images/fft_x_t.png  used on input line 40.
(pdftex.def)             Requested size: 225.21626pt x 204.02437pt.
 [1

{C:/Users/Lorenzo/AppData/Local/MiKTeX/2.9/pdftex/config/pdftex.map} <./images/
x_t.png> <./images/fft_x_t.png>]
<./images/fft_x_c.png, id=18, 478.78876pt x 431.36156pt>
File: ./images/fft_x_c.png Graphic file (type png)
<use ./images/fft_x_c.png>
Package pdftex.def Info: ./images/fft_x_c.png  used on input line 69.
(pdftex.def)             Requested size: 250.24199pt x 225.45457pt.
<./images/fft_x_c_hat.png, id=19, 476.53032pt x 429.10312pt>
File: ./images/fft_x_c_hat.png Graphic file (type png)
<use ./images/fft_x_c_hat.png>
Package pdftex.def Info: ./images/fft_x_c_hat.png  used on input line 70.
(pdftex.def)             Requested size: 250.24199pt x 225.34143pt.

Overfull \hbox (2.61107pt too wide) in paragraph at lines 69--71
[][] [] 
 []

[2]
Underfull \hbox (badness 10000) in paragraph at lines 73--74

 []

<./images/tail_fft_x_c.png, id=25, 464.4853pt x 303.38344pt>
File: ./images/tail_fft_x_c.png Graphic file (type png)
<use ./images/tail_fft_x_c.png>
Package pdftex.def Info: ./images/tail_fft_x_c.png  used on input line 78.
(pdftex.def)             Requested size: 250.24199pt x 163.44965pt.
<./images/tail_fft_x_c_hat.png, id=26, 463.7325pt x 304.13625pt>
File: ./images/tail_fft_x_c_hat.png Graphic file (type png)
<use ./images/tail_fft_x_c_hat.png>
Package pdftex.def Info: ./images/tail_fft_x_c_hat.png  used on input line 79.
(pdftex.def)             Requested size: 250.24199pt x 164.11974pt.

Overfull \hbox (2.61107pt too wide) in paragraph at lines 78--80
[][] [] 
 []

[3 <./images/fft_x_c.png> <./images/fft_x_c_hat.png> <./images/tail_fft_x_c.png
> <./images/tail_fft_x_c_hat.png>] (franceschetti_lorenzo_2000263.aux) ) 
Here is how much of TeX's memory you used:
 1774 strings out of 480898
 27239 string characters out of 2897345
 270616 words of memory out of 3000000
 17675 multiletter control sequences out of 15000+200000
 537229 words of font info for 40 fonts, out of 3000000 for 9000
 1141 hyphenation exceptions out of 8191
 30i,6n,34p,849b,217s stack positions out of 5000i,500n,10000p,200000b,50000s
{C:/Use
rs/Lorenzo/AppData/Local/Programs/MiKTeX 2.9/fonts/enc/dvips/cm-super/cm-super-
ts1.enc}<C:/Users/Lorenzo/AppData/Local/Programs/MiKTeX 2.9/fonts/type1/public/
amsfonts/cm/cmbx12.pfb><C:/Users/Lorenzo/AppData/Local/Programs/MiKTeX 2.9/font
s/type1/public/amsfonts/cm/cmex10.pfb><C:/Users/Lorenzo/AppData/Local/Programs/
MiKTeX 2.9/fonts/type1/public/amsfonts/cm/cmmi12.pfb><C:/Users/Lorenzo/AppData/
Local/Programs/MiKTeX 2.9/fonts/type1/public/amsfonts/cm/cmmi6.pfb><C:/Users/Lo
renzo/AppData/Local/Programs/MiKTeX 2.9/fonts/type1/public/amsfonts/cm/cmmi8.pf
b><C:/Users/Lorenzo/AppData/Local/Programs/MiKTeX 2.9/fonts/type1/public/amsfon
ts/cm/cmr12.pfb><C:/Users/Lorenzo/AppData/Local/Programs/MiKTeX 2.9/fonts/type1
/public/amsfonts/cm/cmr17.pfb><C:/Users/Lorenzo/AppData/Local/Programs/MiKTeX 2
.9/fonts/type1/public/amsfonts/cm/cmr8.pfb><C:/Users/Lorenzo/AppData/Local/Prog
rams/MiKTeX 2.9/fonts/type1/public/amsfonts/cm/cmsy10.pfb><C:/Users/Lorenzo/App
Data/Local/Programs/MiKTeX 2.9/fonts/type1/public/cm-super/sfrm1200.pfb>
Output written on franceschetti_lorenzo_2000263.pdf (3 pages, 250311 bytes).
PDF statistics:
 66 PDF objects out of 1000 (max. 8388607)
 0 named destinations out of 1000 (max. 500000)
 31 words of extra memory for PDF output out of 10000 (max. 10000000)

